
=== Tue Feb 12 08:53:47 2019

Packages were changed.
Update Mode: updateDependencies

The following packages were added:
  com.unity.collab-proxy@1.2.15
The following packages were updated:
  com.unity.analytics from version 2.0.16 to 3.2.2
  com.unity.package-manager-ui from version 1.9.11 to 2.0.3
  com.unity.render-pipelines.lightweight from version 2.0.4-preview.1 to 4.1.0-preview
  com.unity.textmeshpro from version 1.2.1 to 1.3.0

=== Mon Apr 15 17:28:36 2019

Packages were changed.
Update Mode: updateDependencies

The following packages were added:
  com.unity.timeline@1.0.0
  com.unity.xr.legacyinputhelpers@1.0.0
The following packages were updated:
  com.unity.analytics from version 3.2.2 to 3.3.2
  com.unity.package-manager-ui from version 2.0.4 to 2.1.1
  com.unity.render-pipelines.lightweight from version 4.1.0-preview to 5.6.1

=== Tue Apr 16 09:09:24 2019

Packages were changed.
Update Mode: updateDependencies

The following packages were updated:
  com.unity.collab-proxy from version 1.2.15 to 1.2.16
  com.unity.package-manager-ui from version 2.1.1 to 2.1.2
  com.unity.purchasing from version 2.0.3 to 2.0.6
  com.unity.render-pipelines.lightweight from version 5.6.1 to 5.7.2
  com.unity.xr.legacyinputhelpers from version 1.0.0 to 2.0.2

=== Mon Sep  9 13:15:48 2019

Packages were changed.
Update Mode: updateDependencies

The following packages were added:
  com.unity.2d.tilemap@1.0.0
  com.unity.ext.nunit@1.0.0
  com.unity.test-framework@1.0.13
  com.unity.2d.sprite@1.0.0
  com.unity.ide.vscode@1.1.0
  com.unity.ide.rider@1.1.0
  com.unity.ugui@1.0.0
  com.unity.modules.androidjni@1.0.0
The following packages were updated:
  com.unity.burst from version 1.0.4 to 1.1.2
  com.unity.package-manager-ui from version 2.1.2 to 2.2.0
  com.unity.render-pipelines.lightweight from version 5.7.2 to 6.9.0
  com.unity.timeline from version 1.0.0 to 1.1.0

=== Fri Jan 29 13:31:28 2021

Packages were changed.
Update Mode: updateDependencies

The following packages were updated:
  com.unity.ads from version 2.0.8 to 3.4.9
  com.unity.analytics from version 3.3.2 to 3.3.5
  com.unity.ide.rider from version 1.1.0 to 1.1.4
  com.unity.ide.vscode from version 1.1.0 to 1.2.1
  com.unity.purchasing from version 2.0.6 to 2.1.0
  com.unity.render-pipelines.lightweight from version 6.9.0 to 7.3.1
  com.unity.test-framework from version 1.0.13 to 1.1.16
  com.unity.timeline from version 1.1.0 to 1.2.6
  com.unity.xr.legacyinputhelpers from version 2.0.2 to 2.1.4
The following packages were removed:
  com.unity.package-manager-ui@2.2.0
